[2018-09-10 16:23:02,403]-[upload_excel_data.py]-ERROR: 路径不在或者excel不正确 : [Errno 2] No such file or directory: 'testCase\\../testCase_Example.xlsx'
[2018-09-10 16:23:38,226]-[upload_excel_data.py]-ERROR: 路径不在或者excel不正确 : [Errno 2] No such file or directory: 'testCase\\testCase_Example.xlsx'
[2018-09-10 16:25:58,307]-[upload_excel_data.py]-ERROR: 10000: (createTestCase) - 无法找到该登录名的用户。
createTestCase({'preconditions': '1.2.8版本', 'importance': 1, 'executiontype': 2, 'steps': [{'step_number': '1', 'actions': '1、打开app', 'expected_results': '1、符合原型图启动页展示', 'execution_type': '1'}], 'devKey': '35808bd0db2f958831c65beb1fe03265', 'testcasename': '启动页', 'testsuiteid': '2', 'testprojectid': '1', 'authorlogin': '吴熙', 'summary': '无'})
[2018-09-10 16:25:59,018]-[upload_excel_data.py]-ERROR: 10000: (createTestCase) - 无法找到该登录名的用户。
createTestCase({'preconditions': '打开app进入推荐页面', 'importance': 3, 'executiontype': 2, 'steps': [{'step_number': '1', 'actions': '1、http://info-admin.databiger.com/中资讯管理新增1条资讯\u20282、刷新推荐tab\u20283、点击“刷新按钮”', 'expected_results': '1、按钮显示第一条资讯下方，广告位固定第四位\u20282、点击刷新按钮之后，广告位还是第四位\u20283、资讯按照时间倒叙', 'execution_type': '1'}], 'devKey': '35808bd0db2f958831c65beb1fe03265', 'testcasename': '推荐tab资讯显示：新增1条资讯', 'testsuiteid': '2', 'testprojectid': '1', 'authorlogin': '吴熙', 'summary': '无'})
[2018-09-10 16:25:59,691]-[upload_excel_data.py]-ERROR: 10000: (createTestCase) - 无法找到该登录名的用户。
createTestCase({'preconditions': '打开app进入推荐页面', 'importance': 3, 'executiontype': 2, 'steps': [{'step_number': '1', 'actions': '1、http://info-admin.databiger.com/中资讯管理新增2条资讯\u20282、刷新推荐tab\u20283、点击“刷新按钮”', 'expected_results': '1、按钮显示第二条资讯下方，广告位固定第四位\u20282、点击刷新按钮之后，广告位还是第四位\u20283、资讯按照时间倒叙', 'execution_type': '1'}], 'devKey': '35808bd0db2f958831c65beb1fe03265', 'testcasename': '推荐tab资讯显示：新增2条资讯', 'testsuiteid': '2', 'testprojectid': '1', 'authorlogin': '吴熙', 'summary': '无'})
[2018-09-10 16:26:00,390]-[upload_excel_data.py]-ERROR: 10000: (createTestCase) - 无法找到该登录名的用户。
createTestCase({'preconditions': '打开app进入推荐页面', 'importance': 3, 'executiontype': 2, 'steps': [{'step_number': '1', 'actions': '1、http://info-admin.databiger.com/中资讯管理新增3条资讯\u20282、刷新推荐tab\u20283、点击“刷新按钮”', 'expected_results': '1、按钮显示第三条资讯下方，广告位固定第四位\u20282、点击刷新按钮之后，广告位还是第四位\u20283、资讯按照时间倒叙', 'execution_type': '1'}], 'devKey': '35808bd0db2f958831c65beb1fe03265', 'testcasename': '推荐tab资讯显示：新增3条资讯', 'testsuiteid': '2', 'testprojectid': '1', 'authorlogin': '吴熙', 'summary': '无'})
[2018-09-10 16:26:01,062]-[upload_excel_data.py]-ERROR: 10000: (createTestCase) - 无法找到该登录名的用户。
createTestCase({'preconditions': '打开app进入推荐页面', 'importance': 3, 'executiontype': 2, 'steps': [{'step_number': '1', 'actions': '1、上拉刷新底部资讯', 'expected_results': '1、资讯按照时间倒叙排列', 'execution_type': '1'}], 'devKey': '35808bd0db2f958831c65beb1fe03265', 'testcasename': '推荐tab页面，资讯排序', 'testsuiteid': '2', 'testprojectid': '1', 'authorlogin': '吴熙', 'summary': '无'})
[2018-09-10 16:26:01,745]-[upload_excel_data.py]-ERROR: 10000: (createTestCase) - 无法找到该登录名的用户。
createTestCase({'preconditions': '关闭app', 'importance': 3, 'executiontype': 2, 'steps': [{'step_number': '1', 'actions': '1、appadmin-admin.databiger.comTAB管理，\u2028关闭数据服务启动状态\u20282、打开app', 'expected_results': '1、数据服务tab不显示', 'execution_type': '1'}], 'devKey': '35808bd0db2f958831c65beb1fe03265', 'testcasename': '数据服务tab显示', 'testsuiteid': '2', 'testprojectid': '1', 'authorlogin': '吴熙', 'summary': '无'})
[2018-09-10 16:26:02,426]-[upload_excel_data.py]-ERROR: 10000: (createTestCase) - 无法找到该登录名的用户。
createTestCase({'preconditions': '关闭app', 'importance': 3, 'executiontype': 2, 'steps': [{'step_number': '1', 'actions': '1、打开app\u20282、接口阻断\u2028', 'expected_results': '1、接口超时后默认显示专家及推荐tab，数据服务ta不显示', 'execution_type': '1'}], 'devKey': '35808bd0db2f958831c65beb1fe03265', 'testcasename': '数据服务tab接口请求不到', 'testsuiteid': '2', 'testprojectid': '1', 'authorlogin': '吴熙', 'summary': '无'})
[2018-09-10 16:26:03,107]-[upload_excel_data.py]-ERROR: 10000: (createTestCase) - 无法找到该登录名的用户。
createTestCase({'preconditions': '关闭app', 'importance': 3, 'executiontype': 2, 'steps': [{'step_number': '1', 'actions': '1、appadmin-admin.databiger.comTAB管理，\u2028修改tab排序\u20282、打开app', 'expected_results': '1、tab排序正确大到小', 'execution_type': '1'}], 'devKey': '35808bd0db2f958831c65beb1fe03265', 'testcasename': '数据服务等tab', 'testsuiteid': '2', 'testprojectid': '1', 'authorlogin': '吴熙', 'summary': '无'})
[2018-09-10 16:26:03,785]-[upload_excel_data.py]-ERROR: 10000: (createTestCase) - 无法找到该登录名的用户。
createTestCase({'preconditions': '进入数据服务页面', 'importance': 3, 'executiontype': 2, 'steps': [{'step_number': '1', 'actions': '1、查看ui显示', 'expected_results': '1、默认必发指数，同赔回查，数据提点，赛事库第一行显示\u20282、今日看点，精选预测顺序显示', 'execution_type': '1'}], 'devKey': '35808bd0db2f958831c65beb1fe03265', 'testcasename': '数据服务ta页面显示', 'testsuiteid': '2', 'testprojectid': '1', 'authorlogin': '吴熙', 'summary': '无'})
[2018-09-10 16:26:04,461]-[upload_excel_data.py]-ERROR: 10000: (createTestCase) - 无法找到该登录名的用户。
createTestCase({'preconditions': '进入推荐页', 'importance': 3, 'executiontype': 2, 'steps': [{'step_number': '1', 'actions': '1、查看比赛滚球图标', 'expected_results': '1、有滚球的比赛，呈现有滚球图标，该图标根据是否开启滚', 'execution_type': '1'}], 'devKey': '35808bd0db2f958831c65beb1fe03265', 'testcasename': '推荐页面，滚球图标', 'testsuiteid': '2', 'testprojectid': '1', 'authorlogin': '吴熙', 'summary': '无'})
[2018-09-10 16:26:04,462]-[upload_excel_data.py]-INFO: 本次操作共提交 10 条数据，成功导入 0 条，失败 10 条
[2018-09-10 16:28:46,957]-[upload_excel_data.py]-ERROR: 10000: (createTestCase) - 无法找到该登录名的用户。
createTestCase({'preconditions': '1.2.8版本', 'importance': 1, 'executiontype': 2, 'steps': [{'step_number': '1', 'actions': '1、打开app', 'expected_results': '1、符合原型图启动页展示', 'execution_type': '1'}], 'devKey': '58eb1d91b5e3972383ecfd0640388594', 'testcasename': '启动页', 'testsuiteid': '2', 'testprojectid': '1', 'authorlogin': '吴熙', 'summary': '无'})
[2018-09-10 16:28:47,638]-[upload_excel_data.py]-ERROR: 10000: (createTestCase) - 无法找到该登录名的用户。
createTestCase({'preconditions': '打开app进入推荐页面', 'importance': 3, 'executiontype': 2, 'steps': [{'step_number': '1', 'actions': '1、http://info-admin.databiger.com/中资讯管理新增1条资讯\u20282、刷新推荐tab\u20283、点击“刷新按钮”', 'expected_results': '1、按钮显示第一条资讯下方，广告位固定第四位\u20282、点击刷新按钮之后，广告位还是第四位\u20283、资讯按照时间倒叙', 'execution_type': '1'}], 'devKey': '58eb1d91b5e3972383ecfd0640388594', 'testcasename': '推荐tab资讯显示：新增1条资讯', 'testsuiteid': '2', 'testprojectid': '1', 'authorlogin': '吴熙', 'summary': '无'})
[2018-09-10 16:28:48,322]-[upload_excel_data.py]-ERROR: 10000: (createTestCase) - 无法找到该登录名的用户。
createTestCase({'preconditions': '打开app进入推荐页面', 'importance': 3, 'executiontype': 2, 'steps': [{'step_number': '1', 'actions': '1、http://info-admin.databiger.com/中资讯管理新增2条资讯\u20282、刷新推荐tab\u20283、点击“刷新按钮”', 'expected_results': '1、按钮显示第二条资讯下方，广告位固定第四位\u20282、点击刷新按钮之后，广告位还是第四位\u20283、资讯按照时间倒叙', 'execution_type': '1'}], 'devKey': '58eb1d91b5e3972383ecfd0640388594', 'testcasename': '推荐tab资讯显示：新增2条资讯', 'testsuiteid': '2', 'testprojectid': '1', 'authorlogin': '吴熙', 'summary': '无'})
[2018-09-10 16:28:49,015]-[upload_excel_data.py]-ERROR: 10000: (createTestCase) - 无法找到该登录名的用户。
createTestCase({'preconditions': '打开app进入推荐页面', 'importance': 3, 'executiontype': 2, 'steps': [{'step_number': '1', 'actions': '1、http://info-admin.databiger.com/中资讯管理新增3条资讯\u20282、刷新推荐tab\u20283、点击“刷新按钮”', 'expected_results': '1、按钮显示第三条资讯下方，广告位固定第四位\u20282、点击刷新按钮之后，广告位还是第四位\u20283、资讯按照时间倒叙', 'execution_type': '1'}], 'devKey': '58eb1d91b5e3972383ecfd0640388594', 'testcasename': '推荐tab资讯显示：新增3条资讯', 'testsuiteid': '2', 'testprojectid': '1', 'authorlogin': '吴熙', 'summary': '无'})
[2018-09-10 16:28:49,672]-[upload_excel_data.py]-ERROR: 10000: (createTestCase) - 无法找到该登录名的用户。
createTestCase({'preconditions': '打开app进入推荐页面', 'importance': 3, 'executiontype': 2, 'steps': [{'step_number': '1', 'actions': '1、上拉刷新底部资讯', 'expected_results': '1、资讯按照时间倒叙排列', 'execution_type': '1'}], 'devKey': '58eb1d91b5e3972383ecfd0640388594', 'testcasename': '推荐tab页面，资讯排序', 'testsuiteid': '2', 'testprojectid': '1', 'authorlogin': '吴熙', 'summary': '无'})
[2018-09-10 16:28:50,355]-[upload_excel_data.py]-ERROR: 10000: (createTestCase) - 无法找到该登录名的用户。
createTestCase({'preconditions': '关闭app', 'importance': 3, 'executiontype': 2, 'steps': [{'step_number': '1', 'actions': '1、appadmin-admin.databiger.comTAB管理，\u2028关闭数据服务启动状态\u20282、打开app', 'expected_results': '1、数据服务tab不显示', 'execution_type': '1'}], 'devKey': '58eb1d91b5e3972383ecfd0640388594', 'testcasename': '数据服务tab显示', 'testsuiteid': '2', 'testprojectid': '1', 'authorlogin': '吴熙', 'summary': '无'})
[2018-09-10 16:28:51,038]-[upload_excel_data.py]-ERROR: 10000: (createTestCase) - 无法找到该登录名的用户。
createTestCase({'preconditions': '关闭app', 'importance': 3, 'executiontype': 2, 'steps': [{'step_number': '1', 'actions': '1、打开app\u20282、接口阻断\u2028', 'expected_results': '1、接口超时后默认显示专家及推荐tab，数据服务ta不显示', 'execution_type': '1'}], 'devKey': '58eb1d91b5e3972383ecfd0640388594', 'testcasename': '数据服务tab接口请求不到', 'testsuiteid': '2', 'testprojectid': '1', 'authorlogin': '吴熙', 'summary': '无'})
[2018-09-10 16:28:51,721]-[upload_excel_data.py]-ERROR: 10000: (createTestCase) - 无法找到该登录名的用户。
createTestCase({'preconditions': '关闭app', 'importance': 3, 'executiontype': 2, 'steps': [{'step_number': '1', 'actions': '1、appadmin-admin.databiger.comTAB管理，\u2028修改tab排序\u20282、打开app', 'expected_results': '1、tab排序正确大到小', 'execution_type': '1'}], 'devKey': '58eb1d91b5e3972383ecfd0640388594', 'testcasename': '数据服务等tab', 'testsuiteid': '2', 'testprojectid': '1', 'authorlogin': '吴熙', 'summary': '无'})
[2018-09-10 16:28:52,392]-[upload_excel_data.py]-ERROR: 10000: (createTestCase) - 无法找到该登录名的用户。
createTestCase({'preconditions': '进入数据服务页面', 'importance': 3, 'executiontype': 2, 'steps': [{'step_number': '1', 'actions': '1、查看ui显示', 'expected_results': '1、默认必发指数，同赔回查，数据提点，赛事库第一行显示\u20282、今日看点，精选预测顺序显示', 'execution_type': '1'}], 'devKey': '58eb1d91b5e3972383ecfd0640388594', 'testcasename': '数据服务ta页面显示', 'testsuiteid': '2', 'testprojectid': '1', 'authorlogin': '吴熙', 'summary': '无'})
[2018-09-10 16:28:53,075]-[upload_excel_data.py]-ERROR: 10000: (createTestCase) - 无法找到该登录名的用户。
createTestCase({'preconditions': '进入推荐页', 'importance': 3, 'executiontype': 2, 'steps': [{'step_number': '1', 'actions': '1、查看比赛滚球图标', 'expected_results': '1、有滚球的比赛，呈现有滚球图标，该图标根据是否开启滚', 'execution_type': '1'}], 'devKey': '58eb1d91b5e3972383ecfd0640388594', 'testcasename': '推荐页面，滚球图标', 'testsuiteid': '2', 'testprojectid': '1', 'authorlogin': '吴熙', 'summary': '无'})
[2018-09-10 16:28:53,076]-[upload_excel_data.py]-INFO: 本次操作共提交 10 条数据，成功导入 0 条，失败 10 条
[2018-09-10 16:30:01,672]-[upload_excel_data.py]-ERROR: 10000: (createTestCase) - 无法找到该登录名的用户。
createTestCase({'preconditions': '1.2.8版本', 'importance': 1, 'executiontype': 2, 'steps': [{'step_number': '1', 'actions': '1、打开app', 'expected_results': '1、符合原型图启动页展示', 'execution_type': '1'}], 'devKey': '58eb1d91b5e3972383ecfd0640388594', 'testcasename': '启动页', 'testsuiteid': '2', 'testprojectid': '1', 'authorlogin': '吴熙', 'summary': '无'})
[2018-09-10 16:30:02,349]-[upload_excel_data.py]-ERROR: 10000: (createTestCase) - 无法找到该登录名的用户。
createTestCase({'preconditions': '打开app进入推荐页面', 'importance': 3, 'executiontype': 2, 'steps': [{'step_number': '1', 'actions': '1、http://info-admin.databiger.com/中资讯管理新增1条资讯\u20282、刷新推荐tab\u20283、点击“刷新按钮”', 'expected_results': '1、按钮显示第一条资讯下方，广告位固定第四位\u20282、点击刷新按钮之后，广告位还是第四位\u20283、资讯按照时间倒叙', 'execution_type': '1'}], 'devKey': '58eb1d91b5e3972383ecfd0640388594', 'testcasename': '推荐tab资讯显示：新增1条资讯', 'testsuiteid': '2', 'testprojectid': '1', 'authorlogin': '吴熙', 'summary': '无'})
[2018-09-10 16:30:03,023]-[upload_excel_data.py]-ERROR: 10000: (createTestCase) - 无法找到该登录名的用户。
createTestCase({'preconditions': '打开app进入推荐页面', 'importance': 3, 'executiontype': 2, 'steps': [{'step_number': '1', 'actions': '1、http://info-admin.databiger.com/中资讯管理新增2条资讯\u20282、刷新推荐tab\u20283、点击“刷新按钮”', 'expected_results': '1、按钮显示第二条资讯下方，广告位固定第四位\u20282、点击刷新按钮之后，广告位还是第四位\u20283、资讯按照时间倒叙', 'execution_type': '1'}], 'devKey': '58eb1d91b5e3972383ecfd0640388594', 'testcasename': '推荐tab资讯显示：新增2条资讯', 'testsuiteid': '2', 'testprojectid': '1', 'authorlogin': '吴熙', 'summary': '无'})
[2018-09-10 16:30:03,703]-[upload_excel_data.py]-ERROR: 10000: (createTestCase) - 无法找到该登录名的用户。
createTestCase({'preconditions': '打开app进入推荐页面', 'importance': 3, 'executiontype': 2, 'steps': [{'step_number': '1', 'actions': '1、http://info-admin.databiger.com/中资讯管理新增3条资讯\u20282、刷新推荐tab\u20283、点击“刷新按钮”', 'expected_results': '1、按钮显示第三条资讯下方，广告位固定第四位\u20282、点击刷新按钮之后，广告位还是第四位\u20283、资讯按照时间倒叙', 'execution_type': '1'}], 'devKey': '58eb1d91b5e3972383ecfd0640388594', 'testcasename': '推荐tab资讯显示：新增3条资讯', 'testsuiteid': '2', 'testprojectid': '1', 'authorlogin': '吴熙', 'summary': '无'})
[2018-09-10 16:30:04,385]-[upload_excel_data.py]-ERROR: 10000: (createTestCase) - 无法找到该登录名的用户。
createTestCase({'preconditions': '打开app进入推荐页面', 'importance': 3, 'executiontype': 2, 'steps': [{'step_number': '1', 'actions': '1、上拉刷新底部资讯', 'expected_results': '1、资讯按照时间倒叙排列', 'execution_type': '1'}], 'devKey': '58eb1d91b5e3972383ecfd0640388594', 'testcasename': '推荐tab页面，资讯排序', 'testsuiteid': '2', 'testprojectid': '1', 'authorlogin': '吴熙', 'summary': '无'})
[2018-09-10 16:30:05,064]-[upload_excel_data.py]-ERROR: 10000: (createTestCase) - 无法找到该登录名的用户。
createTestCase({'preconditions': '关闭app', 'importance': 3, 'executiontype': 2, 'steps': [{'step_number': '1', 'actions': '1、appadmin-admin.databiger.comTAB管理，\u2028关闭数据服务启动状态\u20282、打开app', 'expected_results': '1、数据服务tab不显示', 'execution_type': '1'}], 'devKey': '58eb1d91b5e3972383ecfd0640388594', 'testcasename': '数据服务tab显示', 'testsuiteid': '2', 'testprojectid': '1', 'authorlogin': '吴熙', 'summary': '无'})
[2018-09-10 16:30:05,731]-[upload_excel_data.py]-ERROR: 10000: (createTestCase) - 无法找到该登录名的用户。
createTestCase({'preconditions': '关闭app', 'importance': 3, 'executiontype': 2, 'steps': [{'step_number': '1', 'actions': '1、打开app\u20282、接口阻断\u2028', 'expected_results': '1、接口超时后默认显示专家及推荐tab，数据服务ta不显示', 'execution_type': '1'}], 'devKey': '58eb1d91b5e3972383ecfd0640388594', 'testcasename': '数据服务tab接口请求不到', 'testsuiteid': '2', 'testprojectid': '1', 'authorlogin': '吴熙', 'summary': '无'})
[2018-09-10 16:30:06,409]-[upload_excel_data.py]-ERROR: 10000: (createTestCase) - 无法找到该登录名的用户。
createTestCase({'preconditions': '关闭app', 'importance': 3, 'executiontype': 2, 'steps': [{'step_number': '1', 'actions': '1、appadmin-admin.databiger.comTAB管理，\u2028修改tab排序\u20282、打开app', 'expected_results': '1、tab排序正确大到小', 'execution_type': '1'}], 'devKey': '58eb1d91b5e3972383ecfd0640388594', 'testcasename': '数据服务等tab', 'testsuiteid': '2', 'testprojectid': '1', 'authorlogin': '吴熙', 'summary': '无'})
[2018-09-10 16:30:07,089]-[upload_excel_data.py]-ERROR: 10000: (createTestCase) - 无法找到该登录名的用户。
createTestCase({'preconditions': '进入数据服务页面', 'importance': 3, 'executiontype': 2, 'steps': [{'step_number': '1', 'actions': '1、查看ui显示', 'expected_results': '1、默认必发指数，同赔回查，数据提点，赛事库第一行显示\u20282、今日看点，精选预测顺序显示', 'execution_type': '1'}], 'devKey': '58eb1d91b5e3972383ecfd0640388594', 'testcasename': '数据服务ta页面显示', 'testsuiteid': '2', 'testprojectid': '1', 'authorlogin': '吴熙', 'summary': '无'})
[2018-09-10 16:30:07,771]-[upload_excel_data.py]-ERROR: 10000: (createTestCase) - 无法找到该登录名的用户。
createTestCase({'preconditions': '进入推荐页', 'importance': 3, 'executiontype': 2, 'steps': [{'step_number': '1', 'actions': '1、查看比赛滚球图标', 'expected_results': '1、有滚球的比赛，呈现有滚球图标，该图标根据是否开启滚', 'execution_type': '1'}], 'devKey': '58eb1d91b5e3972383ecfd0640388594', 'testcasename': '推荐页面，滚球图标', 'testsuiteid': '2', 'testprojectid': '1', 'authorlogin': '吴熙', 'summary': '无'})
[2018-09-10 16:30:07,772]-[upload_excel_data.py]-INFO: 本次操作共提交 10 条数据，成功导入 0 条，失败 10 条
[2018-09-10 16:37:17,705]-[upload_excel_data.py]-ERROR: 10000: (createTestCase) - 无法找到该登录名的用户。
createTestCase({'preconditions': '1.2.8版本', 'importance': 1, 'executiontype': 2, 'steps': [{'step_number': '1', 'actions': '1、打开app', 'expected_results': '1、符合原型图启动页展示', 'execution_type': '1'}], 'devKey': '9fdbab2be36a17db921b4bf648b58ece', 'testcasename': '启动页', 'testsuiteid': '2', 'testprojectid': '1', 'authorlogin': '吴熙', 'summary': '无'})
[2018-09-10 16:37:18,396]-[upload_excel_data.py]-ERROR: 10000: (createTestCase) - 无法找到该登录名的用户。
createTestCase({'preconditions': '打开app进入推荐页面', 'importance': 3, 'executiontype': 2, 'steps': [{'step_number': '1', 'actions': '1、http://info-admin.databiger.com/中资讯管理新增1条资讯\u20282、刷新推荐tab\u20283、点击“刷新按钮”', 'expected_results': '1、按钮显示第一条资讯下方，广告位固定第四位\u20282、点击刷新按钮之后，广告位还是第四位\u20283、资讯按照时间倒叙', 'execution_type': '1'}], 'devKey': '9fdbab2be36a17db921b4bf648b58ece', 'testcasename': '推荐tab资讯显示：新增1条资讯', 'testsuiteid': '2', 'testprojectid': '1', 'authorlogin': '吴熙', 'summary': '无'})
[2018-09-10 16:37:19,069]-[upload_excel_data.py]-ERROR: 10000: (createTestCase) - 无法找到该登录名的用户。
createTestCase({'preconditions': '打开app进入推荐页面', 'importance': 3, 'executiontype': 2, 'steps': [{'step_number': '1', 'actions': '1、http://info-admin.databiger.com/中资讯管理新增2条资讯\u20282、刷新推荐tab\u20283、点击“刷新按钮”', 'expected_results': '1、按钮显示第二条资讯下方，广告位固定第四位\u20282、点击刷新按钮之后，广告位还是第四位\u20283、资讯按照时间倒叙', 'execution_type': '1'}], 'devKey': '9fdbab2be36a17db921b4bf648b58ece', 'testcasename': '推荐tab资讯显示：新增2条资讯', 'testsuiteid': '2', 'testprojectid': '1', 'authorlogin': '吴熙', 'summary': '无'})
[2018-09-10 16:37:19,750]-[upload_excel_data.py]-ERROR: 10000: (createTestCase) - 无法找到该登录名的用户。
createTestCase({'preconditions': '打开app进入推荐页面', 'importance': 3, 'executiontype': 2, 'steps': [{'step_number': '1', 'actions': '1、http://info-admin.databiger.com/中资讯管理新增3条资讯\u20282、刷新推荐tab\u20283、点击“刷新按钮”', 'expected_results': '1、按钮显示第三条资讯下方，广告位固定第四位\u20282、点击刷新按钮之后，广告位还是第四位\u20283、资讯按照时间倒叙', 'execution_type': '1'}], 'devKey': '9fdbab2be36a17db921b4bf648b58ece', 'testcasename': '推荐tab资讯显示：新增3条资讯', 'testsuiteid': '2', 'testprojectid': '1', 'authorlogin': '吴熙', 'summary': '无'})
[2018-09-10 16:37:20,419]-[upload_excel_data.py]-ERROR: 10000: (createTestCase) - 无法找到该登录名的用户。
createTestCase({'preconditions': '打开app进入推荐页面', 'importance': 3, 'executiontype': 2, 'steps': [{'step_number': '1', 'actions': '1、上拉刷新底部资讯', 'expected_results': '1、资讯按照时间倒叙排列', 'execution_type': '1'}], 'devKey': '9fdbab2be36a17db921b4bf648b58ece', 'testcasename': '推荐tab页面，资讯排序', 'testsuiteid': '2', 'testprojectid': '1', 'authorlogin': '吴熙', 'summary': '无'})
[2018-09-10 16:37:21,078]-[upload_excel_data.py]-ERROR: 10000: (createTestCase) - 无法找到该登录名的用户。
createTestCase({'preconditions': '关闭app', 'importance': 3, 'executiontype': 2, 'steps': [{'step_number': '1', 'actions': '1、appadmin-admin.databiger.comTAB管理，\u2028关闭数据服务启动状态\u20282、打开app', 'expected_results': '1、数据服务tab不显示', 'execution_type': '1'}], 'devKey': '9fdbab2be36a17db921b4bf648b58ece', 'testcasename': '数据服务tab显示', 'testsuiteid': '2', 'testprojectid': '1', 'authorlogin': '吴熙', 'summary': '无'})
[2018-09-10 16:37:21,745]-[upload_excel_data.py]-ERROR: 10000: (createTestCase) - 无法找到该登录名的用户。
createTestCase({'preconditions': '关闭app', 'importance': 3, 'executiontype': 2, 'steps': [{'step_number': '1', 'actions': '1、打开app\u20282、接口阻断\u2028', 'expected_results': '1、接口超时后默认显示专家及推荐tab，数据服务ta不显示', 'execution_type': '1'}], 'devKey': '9fdbab2be36a17db921b4bf648b58ece', 'testcasename': '数据服务tab接口请求不到', 'testsuiteid': '2', 'testprojectid': '1', 'authorlogin': '吴熙', 'summary': '无'})
[2018-09-10 16:37:22,408]-[upload_excel_data.py]-ERROR: 10000: (createTestCase) - 无法找到该登录名的用户。
createTestCase({'preconditions': '关闭app', 'importance': 3, 'executiontype': 2, 'steps': [{'step_number': '1', 'actions': '1、appadmin-admin.databiger.comTAB管理，\u2028修改tab排序\u20282、打开app', 'expected_results': '1、tab排序正确大到小', 'execution_type': '1'}], 'devKey': '9fdbab2be36a17db921b4bf648b58ece', 'testcasename': '数据服务等tab', 'testsuiteid': '2', 'testprojectid': '1', 'authorlogin': '吴熙', 'summary': '无'})
[2018-09-10 16:37:23,099]-[upload_excel_data.py]-ERROR: 10000: (createTestCase) - 无法找到该登录名的用户。
createTestCase({'preconditions': '进入数据服务页面', 'importance': 3, 'executiontype': 2, 'steps': [{'step_number': '1', 'actions': '1、查看ui显示', 'expected_results': '1、默认必发指数，同赔回查，数据提点，赛事库第一行显示\u20282、今日看点，精选预测顺序显示', 'execution_type': '1'}], 'devKey': '9fdbab2be36a17db921b4bf648b58ece', 'testcasename': '数据服务ta页面显示', 'testsuiteid': '2', 'testprojectid': '1', 'authorlogin': '吴熙', 'summary': '无'})
[2018-09-10 16:37:23,774]-[upload_excel_data.py]-ERROR: 10000: (createTestCase) - 无法找到该登录名的用户。
createTestCase({'preconditions': '进入推荐页', 'importance': 3, 'executiontype': 2, 'steps': [{'step_number': '1', 'actions': '1、查看比赛滚球图标', 'expected_results': '1、有滚球的比赛，呈现有滚球图标，该图标根据是否开启滚', 'execution_type': '1'}], 'devKey': '9fdbab2be36a17db921b4bf648b58ece', 'testcasename': '推荐页面，滚球图标', 'testsuiteid': '2', 'testprojectid': '1', 'authorlogin': '吴熙', 'summary': '无'})
[2018-09-10 16:37:23,775]-[upload_excel_data.py]-INFO: 本次操作共提交 10 条数据，成功导入 0 条，失败 10 条
[2018-09-10 16:42:49,126]-[upload_excel_data.py]-ERROR: 10000: (createTestCase) - 无法找到该登录名的用户。
createTestCase({'preconditions': '1.2.8版本', 'importance': 1, 'executiontype': 2, 'steps': [{'step_number': '1', 'actions': '1、打开app', 'expected_results': '1、符合原型图启动页展示', 'execution_type': '1'}], 'devKey': '6ae6ec86d3de925b0d3c2e02be52c0dd', 'testcasename': '启动页', 'testsuiteid': '2', 'testprojectid': '1', 'authorlogin': '吴熙', 'summary': '无'})
[2018-09-10 16:42:49,806]-[upload_excel_data.py]-ERROR: 10000: (createTestCase) - 无法找到该登录名的用户。
createTestCase({'preconditions': '打开app进入推荐页面', 'importance': 3, 'executiontype': 2, 'steps': [{'step_number': '1', 'actions': '1、http://info-admin.databiger.com/中资讯管理新增1条资讯\u20282、刷新推荐tab\u20283、点击“刷新按钮”', 'expected_results': '1、按钮显示第一条资讯下方，广告位固定第四位\u20282、点击刷新按钮之后，广告位还是第四位\u20283、资讯按照时间倒叙', 'execution_type': '1'}], 'devKey': '6ae6ec86d3de925b0d3c2e02be52c0dd', 'testcasename': '推荐tab资讯显示：新增1条资讯', 'testsuiteid': '2', 'testprojectid': '1', 'authorlogin': '吴熙', 'summary': '无'})
[2018-09-10 16:42:50,473]-[upload_excel_data.py]-ERROR: 10000: (createTestCase) - 无法找到该登录名的用户。
createTestCase({'preconditions': '打开app进入推荐页面', 'importance': 3, 'executiontype': 2, 'steps': [{'step_number': '1', 'actions': '1、http://info-admin.databiger.com/中资讯管理新增2条资讯\u20282、刷新推荐tab\u20283、点击“刷新按钮”', 'expected_results': '1、按钮显示第二条资讯下方，广告位固定第四位\u20282、点击刷新按钮之后，广告位还是第四位\u20283、资讯按照时间倒叙', 'execution_type': '1'}], 'devKey': '6ae6ec86d3de925b0d3c2e02be52c0dd', 'testcasename': '推荐tab资讯显示：新增2条资讯', 'testsuiteid': '2', 'testprojectid': '1', 'authorlogin': '吴熙', 'summary': '无'})
[2018-09-10 16:42:51,154]-[upload_excel_data.py]-ERROR: 10000: (createTestCase) - 无法找到该登录名的用户。
createTestCase({'preconditions': '打开app进入推荐页面', 'importance': 3, 'executiontype': 2, 'steps': [{'step_number': '1', 'actions': '1、http://info-admin.databiger.com/中资讯管理新增3条资讯\u20282、刷新推荐tab\u20283、点击“刷新按钮”', 'expected_results': '1、按钮显示第三条资讯下方，广告位固定第四位\u20282、点击刷新按钮之后，广告位还是第四位\u20283、资讯按照时间倒叙', 'execution_type': '1'}], 'devKey': '6ae6ec86d3de925b0d3c2e02be52c0dd', 'testcasename': '推荐tab资讯显示：新增3条资讯', 'testsuiteid': '2', 'testprojectid': '1', 'authorlogin': '吴熙', 'summary': '无'})
[2018-09-10 16:42:51,830]-[upload_excel_data.py]-ERROR: 10000: (createTestCase) - 无法找到该登录名的用户。
createTestCase({'preconditions': '打开app进入推荐页面', 'importance': 3, 'executiontype': 2, 'steps': [{'step_number': '1', 'actions': '1、上拉刷新底部资讯', 'expected_results': '1、资讯按照时间倒叙排列', 'execution_type': '1'}], 'devKey': '6ae6ec86d3de925b0d3c2e02be52c0dd', 'testcasename': '推荐tab页面，资讯排序', 'testsuiteid': '2', 'testprojectid': '1', 'authorlogin': '吴熙', 'summary': '无'})
[2018-09-10 16:42:52,509]-[upload_excel_data.py]-ERROR: 10000: (createTestCase) - 无法找到该登录名的用户。
createTestCase({'preconditions': '关闭app', 'importance': 3, 'executiontype': 2, 'steps': [{'step_number': '1', 'actions': '1、appadmin-admin.databiger.comTAB管理，\u2028关闭数据服务启动状态\u20282、打开app', 'expected_results': '1、数据服务tab不显示', 'execution_type': '1'}], 'devKey': '6ae6ec86d3de925b0d3c2e02be52c0dd', 'testcasename': '数据服务tab显示', 'testsuiteid': '2', 'testprojectid': '1', 'authorlogin': '吴熙', 'summary': '无'})
[2018-09-10 16:42:53,176]-[upload_excel_data.py]-ERROR: 10000: (createTestCase) - 无法找到该登录名的用户。
createTestCase({'preconditions': '关闭app', 'importance': 3, 'executiontype': 2, 'steps': [{'step_number': '1', 'actions': '1、打开app\u20282、接口阻断\u2028', 'expected_results': '1、接口超时后默认显示专家及推荐tab，数据服务ta不显示', 'execution_type': '1'}], 'devKey': '6ae6ec86d3de925b0d3c2e02be52c0dd', 'testcasename': '数据服务tab接口请求不到', 'testsuiteid': '2', 'testprojectid': '1', 'authorlogin': '吴熙', 'summary': '无'})
[2018-09-10 16:42:53,856]-[upload_excel_data.py]-ERROR: 10000: (createTestCase) - 无法找到该登录名的用户。
createTestCase({'preconditions': '关闭app', 'importance': 3, 'executiontype': 2, 'steps': [{'step_number': '1', 'actions': '1、appadmin-admin.databiger.comTAB管理，\u2028修改tab排序\u20282、打开app', 'expected_results': '1、tab排序正确大到小', 'execution_type': '1'}], 'devKey': '6ae6ec86d3de925b0d3c2e02be52c0dd', 'testcasename': '数据服务等tab', 'testsuiteid': '2', 'testprojectid': '1', 'authorlogin': '吴熙', 'summary': '无'})
[2018-09-10 16:42:54,513]-[upload_excel_data.py]-ERROR: 10000: (createTestCase) - 无法找到该登录名的用户。
createTestCase({'preconditions': '进入数据服务页面', 'importance': 3, 'executiontype': 2, 'steps': [{'step_number': '1', 'actions': '1、查看ui显示', 'expected_results': '1、默认必发指数，同赔回查，数据提点，赛事库第一行显示\u20282、今日看点，精选预测顺序显示', 'execution_type': '1'}], 'devKey': '6ae6ec86d3de925b0d3c2e02be52c0dd', 'testcasename': '数据服务ta页面显示', 'testsuiteid': '2', 'testprojectid': '1', 'authorlogin': '吴熙', 'summary': '无'})
[2018-09-10 16:42:55,177]-[upload_excel_data.py]-ERROR: 10000: (createTestCase) - 无法找到该登录名的用户。
createTestCase({'preconditions': '进入推荐页', 'importance': 3, 'executiontype': 2, 'steps': [{'step_number': '1', 'actions': '1、查看比赛滚球图标', 'expected_results': '1、有滚球的比赛，呈现有滚球图标，该图标根据是否开启滚', 'execution_type': '1'}], 'devKey': '6ae6ec86d3de925b0d3c2e02be52c0dd', 'testcasename': '推荐页面，滚球图标', 'testsuiteid': '2', 'testprojectid': '1', 'authorlogin': '吴熙', 'summary': '无'})
[2018-09-10 16:42:55,178]-[upload_excel_data.py]-INFO: 本次操作共提交 10 条数据，成功导入 0 条，失败 10 条
[2018-09-10 16:43:37,909]-[upload_excel_data.py]-ERROR: 2010: 对应于开发者密钥的用户无权执行这个操作
createTestCase({'preconditions': '1.2.8版本', 'importance': 1, 'executiontype': 2, 'steps': [{'step_number': '1', 'actions': '1、打开app', 'expected_results': '1、符合原型图启动页展示', 'execution_type': '1'}], 'devKey': 'f213bccb9b30719134e5304f93f95fb5', 'testcasename': '启动页', 'testsuiteid': '2', 'testprojectid': '1', 'authorlogin': '吴熙', 'summary': '无'})
[2018-09-10 16:43:38,426]-[upload_excel_data.py]-ERROR: 2010: 对应于开发者密钥的用户无权执行这个操作
createTestCase({'preconditions': '打开app进入推荐页面', 'importance': 3, 'executiontype': 2, 'steps': [{'step_number': '1', 'actions': '1、http://info-admin.databiger.com/中资讯管理新增1条资讯\u20282、刷新推荐tab\u20283、点击“刷新按钮”', 'expected_results': '1、按钮显示第一条资讯下方，广告位固定第四位\u20282、点击刷新按钮之后，广告位还是第四位\u20283、资讯按照时间倒叙', 'execution_type': '1'}], 'devKey': 'f213bccb9b30719134e5304f93f95fb5', 'testcasename': '推荐tab资讯显示：新增1条资讯', 'testsuiteid': '2', 'testprojectid': '1', 'authorlogin': '吴熙', 'summary': '无'})
[2018-09-10 16:43:38,941]-[upload_excel_data.py]-ERROR: 2010: 对应于开发者密钥的用户无权执行这个操作
createTestCase({'preconditions': '打开app进入推荐页面', 'importance': 3, 'executiontype': 2, 'steps': [{'step_number': '1', 'actions': '1、http://info-admin.databiger.com/中资讯管理新增2条资讯\u20282、刷新推荐tab\u20283、点击“刷新按钮”', 'expected_results': '1、按钮显示第二条资讯下方，广告位固定第四位\u20282、点击刷新按钮之后，广告位还是第四位\u20283、资讯按照时间倒叙', 'execution_type': '1'}], 'devKey': 'f213bccb9b30719134e5304f93f95fb5', 'testcasename': '推荐tab资讯显示：新增2条资讯', 'testsuiteid': '2', 'testprojectid': '1', 'authorlogin': '吴熙', 'summary': '无'})
[2018-09-10 16:43:39,459]-[upload_excel_data.py]-ERROR: 2010: 对应于开发者密钥的用户无权执行这个操作
createTestCase({'preconditions': '打开app进入推荐页面', 'importance': 3, 'executiontype': 2, 'steps': [{'step_number': '1', 'actions': '1、http://info-admin.databiger.com/中资讯管理新增3条资讯\u20282、刷新推荐tab\u20283、点击“刷新按钮”', 'expected_results': '1、按钮显示第三条资讯下方，广告位固定第四位\u20282、点击刷新按钮之后，广告位还是第四位\u20283、资讯按照时间倒叙', 'execution_type': '1'}], 'devKey': 'f213bccb9b30719134e5304f93f95fb5', 'testcasename': '推荐tab资讯显示：新增3条资讯', 'testsuiteid': '2', 'testprojectid': '1', 'authorlogin': '吴熙', 'summary': '无'})
[2018-09-10 16:43:39,982]-[upload_excel_data.py]-ERROR: 2010: 对应于开发者密钥的用户无权执行这个操作
createTestCase({'preconditions': '打开app进入推荐页面', 'importance': 3, 'executiontype': 2, 'steps': [{'step_number': '1', 'actions': '1、上拉刷新底部资讯', 'expected_results': '1、资讯按照时间倒叙排列', 'execution_type': '1'}], 'devKey': 'f213bccb9b30719134e5304f93f95fb5', 'testcasename': '推荐tab页面，资讯排序', 'testsuiteid': '2', 'testprojectid': '1', 'authorlogin': '吴熙', 'summary': '无'})
[2018-09-10 16:43:40,491]-[upload_excel_data.py]-ERROR: 2010: 对应于开发者密钥的用户无权执行这个操作
createTestCase({'preconditions': '关闭app', 'importance': 3, 'executiontype': 2, 'steps': [{'step_number': '1', 'actions': '1、appadmin-admin.databiger.comTAB管理，\u2028关闭数据服务启动状态\u20282、打开app', 'expected_results': '1、数据服务tab不显示', 'execution_type': '1'}], 'devKey': 'f213bccb9b30719134e5304f93f95fb5', 'testcasename': '数据服务tab显示', 'testsuiteid': '2', 'testprojectid': '1', 'authorlogin': '吴熙', 'summary': '无'})
[2018-09-10 16:43:40,995]-[upload_excel_data.py]-ERROR: 2010: 对应于开发者密钥的用户无权执行这个操作
createTestCase({'preconditions': '关闭app', 'importance': 3, 'executiontype': 2, 'steps': [{'step_number': '1', 'actions': '1、打开app\u20282、接口阻断\u2028', 'expected_results': '1、接口超时后默认显示专家及推荐tab，数据服务ta不显示', 'execution_type': '1'}], 'devKey': 'f213bccb9b30719134e5304f93f95fb5', 'testcasename': '数据服务tab接口请求不到', 'testsuiteid': '2', 'testprojectid': '1', 'authorlogin': '吴熙', 'summary': '无'})
[2018-09-10 16:43:41,509]-[upload_excel_data.py]-ERROR: 2010: 对应于开发者密钥的用户无权执行这个操作
createTestCase({'preconditions': '关闭app', 'importance': 3, 'executiontype': 2, 'steps': [{'step_number': '1', 'actions': '1、appadmin-admin.databiger.comTAB管理，\u2028修改tab排序\u20282、打开app', 'expected_results': '1、tab排序正确大到小', 'execution_type': '1'}], 'devKey': 'f213bccb9b30719134e5304f93f95fb5', 'testcasename': '数据服务等tab', 'testsuiteid': '2', 'testprojectid': '1', 'authorlogin': '吴熙', 'summary': '无'})
[2018-09-10 16:43:42,014]-[upload_excel_data.py]-ERROR: 2010: 对应于开发者密钥的用户无权执行这个操作
createTestCase({'preconditions': '进入数据服务页面', 'importance': 3, 'executiontype': 2, 'steps': [{'step_number': '1', 'actions': '1、查看ui显示', 'expected_results': '1、默认必发指数，同赔回查，数据提点，赛事库第一行显示\u20282、今日看点，精选预测顺序显示', 'execution_type': '1'}], 'devKey': 'f213bccb9b30719134e5304f93f95fb5', 'testcasename': '数据服务ta页面显示', 'testsuiteid': '2', 'testprojectid': '1', 'authorlogin': '吴熙', 'summary': '无'})
[2018-09-10 16:43:42,527]-[upload_excel_data.py]-ERROR: 2010: 对应于开发者密钥的用户无权执行这个操作
createTestCase({'preconditions': '进入推荐页', 'importance': 3, 'executiontype': 2, 'steps': [{'step_number': '1', 'actions': '1、查看比赛滚球图标', 'expected_results': '1、有滚球的比赛，呈现有滚球图标，该图标根据是否开启滚', 'execution_type': '1'}], 'devKey': 'f213bccb9b30719134e5304f93f95fb5', 'testcasename': '推荐页面，滚球图标', 'testsuiteid': '2', 'testprojectid': '1', 'authorlogin': '吴熙', 'summary': '无'})
[2018-09-10 16:43:42,528]-[upload_excel_data.py]-INFO: 本次操作共提交 10 条数据，成功导入 0 条，失败 10 条
[2018-09-10 16:48:35,553]-[upload_excel_data.py]-ERROR: 10000: (createTestCase) - 无法找到该登录名的用户。
createTestCase({'preconditions': '1.2.8版本', 'importance': 1, 'executiontype': 2, 'steps': [{'step_number': '1', 'actions': '1、打开app', 'expected_results': '1、符合原型图启动页展示', 'execution_type': '1'}], 'devKey': '6e91d45cb7def22c71540526d7cba739', 'testcasename': '启动页', 'testsuiteid': '2', 'testprojectid': '1', 'authorlogin': '吴熙', 'summary': '无'})
[2018-09-10 16:48:36,213]-[upload_excel_data.py]-ERROR: 10000: (createTestCase) - 无法找到该登录名的用户。
createTestCase({'preconditions': '打开app进入推荐页面', 'importance': 3, 'executiontype': 2, 'steps': [{'step_number': '1', 'actions': '1、http://info-admin.databiger.com/中资讯管理新增1条资讯\u20282、刷新推荐tab\u20283、点击“刷新按钮”', 'expected_results': '1、按钮显示第一条资讯下方，广告位固定第四位\u20282、点击刷新按钮之后，广告位还是第四位\u20283、资讯按照时间倒叙', 'execution_type': '1'}], 'devKey': '6e91d45cb7def22c71540526d7cba739', 'testcasename': '推荐tab资讯显示：新增1条资讯', 'testsuiteid': '2', 'testprojectid': '1', 'authorlogin': '吴熙', 'summary': '无'})
[2018-09-10 16:48:36,892]-[upload_excel_data.py]-ERROR: 10000: (createTestCase) - 无法找到该登录名的用户。
createTestCase({'preconditions': '打开app进入推荐页面', 'importance': 3, 'executiontype': 2, 'steps': [{'step_number': '1', 'actions': '1、http://info-admin.databiger.com/中资讯管理新增2条资讯\u20282、刷新推荐tab\u20283、点击“刷新按钮”', 'expected_results': '1、按钮显示第二条资讯下方，广告位固定第四位\u20282、点击刷新按钮之后，广告位还是第四位\u20283、资讯按照时间倒叙', 'execution_type': '1'}], 'devKey': '6e91d45cb7def22c71540526d7cba739', 'testcasename': '推荐tab资讯显示：新增2条资讯', 'testsuiteid': '2', 'testprojectid': '1', 'authorlogin': '吴熙', 'summary': '无'})
[2018-09-10 16:48:37,571]-[upload_excel_data.py]-ERROR: 10000: (createTestCase) - 无法找到该登录名的用户。
createTestCase({'preconditions': '打开app进入推荐页面', 'importance': 3, 'executiontype': 2, 'steps': [{'step_number': '1', 'actions': '1、http://info-admin.databiger.com/中资讯管理新增3条资讯\u20282、刷新推荐tab\u20283、点击“刷新按钮”', 'expected_results': '1、按钮显示第三条资讯下方，广告位固定第四位\u20282、点击刷新按钮之后，广告位还是第四位\u20283、资讯按照时间倒叙', 'execution_type': '1'}], 'devKey': '6e91d45cb7def22c71540526d7cba739', 'testcasename': '推荐tab资讯显示：新增3条资讯', 'testsuiteid': '2', 'testprojectid': '1', 'authorlogin': '吴熙', 'summary': '无'})
[2018-09-10 16:48:38,254]-[upload_excel_data.py]-ERROR: 10000: (createTestCase) - 无法找到该登录名的用户。
createTestCase({'preconditions': '打开app进入推荐页面', 'importance': 3, 'executiontype': 2, 'steps': [{'step_number': '1', 'actions': '1、上拉刷新底部资讯', 'expected_results': '1、资讯按照时间倒叙排列', 'execution_type': '1'}], 'devKey': '6e91d45cb7def22c71540526d7cba739', 'testcasename': '推荐tab页面，资讯排序', 'testsuiteid': '2', 'testprojectid': '1', 'authorlogin': '吴熙', 'summary': '无'})
[2018-09-10 16:48:38,925]-[upload_excel_data.py]-ERROR: 10000: (createTestCase) - 无法找到该登录名的用户。
createTestCase({'preconditions': '关闭app', 'importance': 3, 'executiontype': 2, 'steps': [{'step_number': '1', 'actions': '1、appadmin-admin.databiger.comTAB管理，\u2028关闭数据服务启动状态\u20282、打开app', 'expected_results': '1、数据服务tab不显示', 'execution_type': '1'}], 'devKey': '6e91d45cb7def22c71540526d7cba739', 'testcasename': '数据服务tab显示', 'testsuiteid': '2', 'testprojectid': '1', 'authorlogin': '吴熙', 'summary': '无'})
[2018-09-10 16:48:39,584]-[upload_excel_data.py]-ERROR: 10000: (createTestCase) - 无法找到该登录名的用户。
createTestCase({'preconditions': '关闭app', 'importance': 3, 'executiontype': 2, 'steps': [{'step_number': '1', 'actions': '1、打开app\u20282、接口阻断\u2028', 'expected_results': '1、接口超时后默认显示专家及推荐tab，数据服务ta不显示', 'execution_type': '1'}], 'devKey': '6e91d45cb7def22c71540526d7cba739', 'testcasename': '数据服务tab接口请求不到', 'testsuiteid': '2', 'testprojectid': '1', 'authorlogin': '吴熙', 'summary': '无'})
[2018-09-10 16:48:40,267]-[upload_excel_data.py]-ERROR: 10000: (createTestCase) - 无法找到该登录名的用户。
createTestCase({'preconditions': '关闭app', 'importance': 3, 'executiontype': 2, 'steps': [{'step_number': '1', 'actions': '1、appadmin-admin.databiger.comTAB管理，\u2028修改tab排序\u20282、打开app', 'expected_results': '1、tab排序正确大到小', 'execution_type': '1'}], 'devKey': '6e91d45cb7def22c71540526d7cba739', 'testcasename': '数据服务等tab', 'testsuiteid': '2', 'testprojectid': '1', 'authorlogin': '吴熙', 'summary': '无'})
[2018-09-10 16:48:40,945]-[upload_excel_data.py]-ERROR: 10000: (createTestCase) - 无法找到该登录名的用户。
createTestCase({'preconditions': '进入数据服务页面', 'importance': 3, 'executiontype': 2, 'steps': [{'step_number': '1', 'actions': '1、查看ui显示', 'expected_results': '1、默认必发指数，同赔回查，数据提点，赛事库第一行显示\u20282、今日看点，精选预测顺序显示', 'execution_type': '1'}], 'devKey': '6e91d45cb7def22c71540526d7cba739', 'testcasename': '数据服务ta页面显示', 'testsuiteid': '2', 'testprojectid': '1', 'authorlogin': '吴熙', 'summary': '无'})
[2018-09-10 16:48:41,629]-[upload_excel_data.py]-ERROR: 10000: (createTestCase) - 无法找到该登录名的用户。
createTestCase({'preconditions': '进入推荐页', 'importance': 3, 'executiontype': 2, 'steps': [{'step_number': '1', 'actions': '1、查看比赛滚球图标', 'expected_results': '1、有滚球的比赛，呈现有滚球图标，该图标根据是否开启滚', 'execution_type': '1'}], 'devKey': '6e91d45cb7def22c71540526d7cba739', 'testcasename': '推荐页面，滚球图标', 'testsuiteid': '2', 'testprojectid': '1', 'authorlogin': '吴熙', 'summary': '无'})
[2018-09-10 16:48:41,630]-[upload_excel_data.py]-INFO: 本次操作共提交 10 条数据，成功导入 0 条，失败 10 条
[2018-09-10 16:56:04,049]-[upload_excel_data.py]-ERROR: 10000: (createTestCase) - 无法找到该登录名的用户。
createTestCase({'preconditions': '1.2.8版本', 'importance': 1, 'executiontype': 2, 'steps': [{'step_number': '1', 'actions': '1、打开app', 'expected_results': '1、符合原型图启动页展示', 'execution_type': '1'}], 'devKey': '6e91d45cb7def22c71540526d7cba739', 'testcasename': '启动页', 'testsuiteid': '2', 'testprojectid': '1', 'authorlogin': '吴熙', 'summary': '无'})
[2018-09-10 16:56:04,729]-[upload_excel_data.py]-ERROR: 10000: (createTestCase) - 无法找到该登录名的用户。
createTestCase({'preconditions': '打开app进入推荐页面', 'importance': 3, 'executiontype': 2, 'steps': [{'step_number': '1', 'actions': '1、http://info-admin.databiger.com/中资讯管理新增1条资讯\u20282、刷新推荐tab\u20283、点击“刷新按钮”', 'expected_results': '1、按钮显示第一条资讯下方，广告位固定第四位\u20282、点击刷新按钮之后，广告位还是第四位\u20283、资讯按照时间倒叙', 'execution_type': '1'}], 'devKey': '6e91d45cb7def22c71540526d7cba739', 'testcasename': '推荐tab资讯显示：新增1条资讯', 'testsuiteid': '2', 'testprojectid': '1', 'authorlogin': '吴熙', 'summary': '无'})
[2018-09-10 16:56:05,401]-[upload_excel_data.py]-ERROR: 10000: (createTestCase) - 无法找到该登录名的用户。
createTestCase({'preconditions': '打开app进入推荐页面', 'importance': 3, 'executiontype': 2, 'steps': [{'step_number': '1', 'actions': '1、http://info-admin.databiger.com/中资讯管理新增2条资讯\u20282、刷新推荐tab\u20283、点击“刷新按钮”', 'expected_results': '1、按钮显示第二条资讯下方，广告位固定第四位\u20282、点击刷新按钮之后，广告位还是第四位\u20283、资讯按照时间倒叙', 'execution_type': '1'}], 'devKey': '6e91d45cb7def22c71540526d7cba739', 'testcasename': '推荐tab资讯显示：新增2条资讯', 'testsuiteid': '2', 'testprojectid': '1', 'authorlogin': '吴熙', 'summary': '无'})
[2018-09-10 16:56:06,067]-[upload_excel_data.py]-ERROR: 10000: (createTestCase) - 无法找到该登录名的用户。
createTestCase({'preconditions': '打开app进入推荐页面', 'importance': 3, 'executiontype': 2, 'steps': [{'step_number': '1', 'actions': '1、http://info-admin.databiger.com/中资讯管理新增3条资讯\u20282、刷新推荐tab\u20283、点击“刷新按钮”', 'expected_results': '1、按钮显示第三条资讯下方，广告位固定第四位\u20282、点击刷新按钮之后，广告位还是第四位\u20283、资讯按照时间倒叙', 'execution_type': '1'}], 'devKey': '6e91d45cb7def22c71540526d7cba739', 'testcasename': '推荐tab资讯显示：新增3条资讯', 'testsuiteid': '2', 'testprojectid': '1', 'authorlogin': '吴熙', 'summary': '无'})
[2018-09-10 16:56:06,750]-[upload_excel_data.py]-ERROR: 10000: (createTestCase) - 无法找到该登录名的用户。
createTestCase({'preconditions': '打开app进入推荐页面', 'importance': 3, 'executiontype': 2, 'steps': [{'step_number': '1', 'actions': '1、上拉刷新底部资讯', 'expected_results': '1、资讯按照时间倒叙排列', 'execution_type': '1'}], 'devKey': '6e91d45cb7def22c71540526d7cba739', 'testcasename': '推荐tab页面，资讯排序', 'testsuiteid': '2', 'testprojectid': '1', 'authorlogin': '吴熙', 'summary': '无'})
[2018-09-10 16:56:07,419]-[upload_excel_data.py]-ERROR: 10000: (createTestCase) - 无法找到该登录名的用户。
createTestCase({'preconditions': '关闭app', 'importance': 3, 'executiontype': 2, 'steps': [{'step_number': '1', 'actions': '1、appadmin-admin.databiger.comTAB管理，\u2028关闭数据服务启动状态\u20282、打开app', 'expected_results': '1、数据服务tab不显示', 'execution_type': '1'}], 'devKey': '6e91d45cb7def22c71540526d7cba739', 'testcasename': '数据服务tab显示', 'testsuiteid': '2', 'testprojectid': '1', 'authorlogin': '吴熙', 'summary': '无'})
[2018-09-10 16:56:08,087]-[upload_excel_data.py]-ERROR: 10000: (createTestCase) - 无法找到该登录名的用户。
createTestCase({'preconditions': '关闭app', 'importance': 3, 'executiontype': 2, 'steps': [{'step_number': '1', 'actions': '1、打开app\u20282、接口阻断\u2028', 'expected_results': '1、接口超时后默认显示专家及推荐tab，数据服务ta不显示', 'execution_type': '1'}], 'devKey': '6e91d45cb7def22c71540526d7cba739', 'testcasename': '数据服务tab接口请求不到', 'testsuiteid': '2', 'testprojectid': '1', 'authorlogin': '吴熙', 'summary': '无'})
[2018-09-10 16:56:08,766]-[upload_excel_data.py]-ERROR: 10000: (createTestCase) - 无法找到该登录名的用户。
createTestCase({'preconditions': '关闭app', 'importance': 3, 'executiontype': 2, 'steps': [{'step_number': '1', 'actions': '1、appadmin-admin.databiger.comTAB管理，\u2028修改tab排序\u20282、打开app', 'expected_results': '1、tab排序正确大到小', 'execution_type': '1'}], 'devKey': '6e91d45cb7def22c71540526d7cba739', 'testcasename': '数据服务等tab', 'testsuiteid': '2', 'testprojectid': '1', 'authorlogin': '吴熙', 'summary': '无'})
[2018-09-10 16:56:09,440]-[upload_excel_data.py]-ERROR: 10000: (createTestCase) - 无法找到该登录名的用户。
createTestCase({'preconditions': '进入数据服务页面', 'importance': 3, 'executiontype': 2, 'steps': [{'step_number': '1', 'actions': '1、查看ui显示', 'expected_results': '1、默认必发指数，同赔回查，数据提点，赛事库第一行显示\u20282、今日看点，精选预测顺序显示', 'execution_type': '1'}], 'devKey': '6e91d45cb7def22c71540526d7cba739', 'testcasename': '数据服务ta页面显示', 'testsuiteid': '2', 'testprojectid': '1', 'authorlogin': '吴熙', 'summary': '无'})
[2018-09-10 16:56:10,109]-[upload_excel_data.py]-ERROR: 10000: (createTestCase) - 无法找到该登录名的用户。
createTestCase({'preconditions': '进入推荐页', 'importance': 3, 'executiontype': 2, 'steps': [{'step_number': '1', 'actions': '1、查看比赛滚球图标', 'expected_results': '1、有滚球的比赛，呈现有滚球图标，该图标根据是否开启滚', 'execution_type': '1'}], 'devKey': '6e91d45cb7def22c71540526d7cba739', 'testcasename': '推荐页面，滚球图标', 'testsuiteid': '2', 'testprojectid': '1', 'authorlogin': '吴熙', 'summary': '无'})
[2018-09-10 16:56:10,110]-[upload_excel_data.py]-INFO: 本次操作共提交 10 条数据，成功导入 0 条，失败 10 条
[2018-09-10 17:03:50,884]-[upload_excel_data.py]-ERROR: 10000: (createTestCase) - 无法找到该登录名的用户。
createTestCase({'preconditions': '1.2.8版本', 'importance': 1, 'executiontype': 2, 'steps': [{'step_number': '1', 'actions': '1、打开app', 'expected_results': '1、符合原型图启动页展示', 'execution_type': '1'}], 'devKey': '6e91d45cb7def22c71540526d7cba739', 'testcasename': '启动页', 'testsuiteid': '2', 'testprojectid': '1', 'authorlogin': '吴熙', 'summary': '无'})
[2018-09-10 17:03:51,553]-[upload_excel_data.py]-ERROR: 10000: (createTestCase) - 无法找到该登录名的用户。
createTestCase({'preconditions': '打开app进入推荐页面', 'importance': 3, 'executiontype': 2, 'steps': [{'step_number': '1', 'actions': '1、http://info-admin.databiger.com/中资讯管理新增1条资讯\u20282、刷新推荐tab\u20283、点击“刷新按钮”', 'expected_results': '1、按钮显示第一条资讯下方，广告位固定第四位\u20282、点击刷新按钮之后，广告位还是第四位\u20283、资讯按照时间倒叙', 'execution_type': '1'}], 'devKey': '6e91d45cb7def22c71540526d7cba739', 'testcasename': '推荐tab资讯显示：新增1条资讯', 'testsuiteid': '2', 'testprojectid': '1', 'authorlogin': '吴熙', 'summary': '无'})
[2018-09-10 17:03:52,221]-[upload_excel_data.py]-ERROR: 10000: (createTestCase) - 无法找到该登录名的用户。
createTestCase({'preconditions': '打开app进入推荐页面', 'importance': 3, 'executiontype': 2, 'steps': [{'step_number': '1', 'actions': '1、http://info-admin.databiger.com/中资讯管理新增2条资讯\u20282、刷新推荐tab\u20283、点击“刷新按钮”', 'expected_results': '1、按钮显示第二条资讯下方，广告位固定第四位\u20282、点击刷新按钮之后，广告位还是第四位\u20283、资讯按照时间倒叙', 'execution_type': '1'}], 'devKey': '6e91d45cb7def22c71540526d7cba739', 'testcasename': '推荐tab资讯显示：新增2条资讯', 'testsuiteid': '2', 'testprojectid': '1', 'authorlogin': '吴熙', 'summary': '无'})
[2018-09-10 17:03:52,894]-[upload_excel_data.py]-ERROR: 10000: (createTestCase) - 无法找到该登录名的用户。
createTestCase({'preconditions': '打开app进入推荐页面', 'importance': 3, 'executiontype': 2, 'steps': [{'step_number': '1', 'actions': '1、http://info-admin.databiger.com/中资讯管理新增3条资讯\u20282、刷新推荐tab\u20283、点击“刷新按钮”', 'expected_results': '1、按钮显示第三条资讯下方，广告位固定第四位\u20282、点击刷新按钮之后，广告位还是第四位\u20283、资讯按照时间倒叙', 'execution_type': '1'}], 'devKey': '6e91d45cb7def22c71540526d7cba739', 'testcasename': '推荐tab资讯显示：新增3条资讯', 'testsuiteid': '2', 'testprojectid': '1', 'authorlogin': '吴熙', 'summary': '无'})
[2018-09-10 17:03:53,564]-[upload_excel_data.py]-ERROR: 10000: (createTestCase) - 无法找到该登录名的用户。
createTestCase({'preconditions': '打开app进入推荐页面', 'importance': 3, 'executiontype': 2, 'steps': [{'step_number': '1', 'actions': '1、上拉刷新底部资讯', 'expected_results': '1、资讯按照时间倒叙排列', 'execution_type': '1'}], 'devKey': '6e91d45cb7def22c71540526d7cba739', 'testcasename': '推荐tab页面，资讯排序', 'testsuiteid': '2', 'testprojectid': '1', 'authorlogin': '吴熙', 'summary': '无'})
[2018-09-10 17:03:54,242]-[upload_excel_data.py]-ERROR: 10000: (createTestCase) - 无法找到该登录名的用户。
createTestCase({'preconditions': '关闭app', 'importance': 3, 'executiontype': 2, 'steps': [{'step_number': '1', 'actions': '1、appadmin-admin.databiger.comTAB管理，\u2028关闭数据服务启动状态\u20282、打开app', 'expected_results': '1、数据服务tab不显示', 'execution_type': '1'}], 'devKey': '6e91d45cb7def22c71540526d7cba739', 'testcasename': '数据服务tab显示', 'testsuiteid': '2', 'testprojectid': '1', 'authorlogin': '吴熙', 'summary': '无'})
[2018-09-10 17:03:54,922]-[upload_excel_data.py]-ERROR: 10000: (createTestCase) - 无法找到该登录名的用户。
createTestCase({'preconditions': '关闭app', 'importance': 3, 'executiontype': 2, 'steps': [{'step_number': '1', 'actions': '1、打开app\u20282、接口阻断\u2028', 'expected_results': '1、接口超时后默认显示专家及推荐tab，数据服务ta不显示', 'execution_type': '1'}], 'devKey': '6e91d45cb7def22c71540526d7cba739', 'testcasename': '数据服务tab接口请求不到', 'testsuiteid': '2', 'testprojectid': '1', 'authorlogin': '吴熙', 'summary': '无'})
[2018-09-10 17:03:55,596]-[upload_excel_data.py]-ERROR: 10000: (createTestCase) - 无法找到该登录名的用户。
createTestCase({'preconditions': '关闭app', 'importance': 3, 'executiontype': 2, 'steps': [{'step_number': '1', 'actions': '1、appadmin-admin.databiger.comTAB管理，\u2028修改tab排序\u20282、打开app', 'expected_results': '1、tab排序正确大到小', 'execution_type': '1'}], 'devKey': '6e91d45cb7def22c71540526d7cba739', 'testcasename': '数据服务等tab', 'testsuiteid': '2', 'testprojectid': '1', 'authorlogin': '吴熙', 'summary': '无'})
[2018-09-10 17:03:56,274]-[upload_excel_data.py]-ERROR: 10000: (createTestCase) - 无法找到该登录名的用户。
createTestCase({'preconditions': '进入数据服务页面', 'importance': 3, 'executiontype': 2, 'steps': [{'step_number': '1', 'actions': '1、查看ui显示', 'expected_results': '1、默认必发指数，同赔回查，数据提点，赛事库第一行显示\u20282、今日看点，精选预测顺序显示', 'execution_type': '1'}], 'devKey': '6e91d45cb7def22c71540526d7cba739', 'testcasename': '数据服务ta页面显示', 'testsuiteid': '2', 'testprojectid': '1', 'authorlogin': '吴熙', 'summary': '无'})
[2018-09-10 17:03:56,948]-[upload_excel_data.py]-ERROR: 10000: (createTestCase) - 无法找到该登录名的用户。
createTestCase({'preconditions': '进入推荐页', 'importance': 3, 'executiontype': 2, 'steps': [{'step_number': '1', 'actions': '1、查看比赛滚球图标', 'expected_results': '1、有滚球的比赛，呈现有滚球图标，该图标根据是否开启滚', 'execution_type': '1'}], 'devKey': '6e91d45cb7def22c71540526d7cba739', 'testcasename': '推荐页面，滚球图标', 'testsuiteid': '2', 'testprojectid': '1', 'authorlogin': '吴熙', 'summary': '无'})
[2018-09-10 17:03:56,949]-[upload_excel_data.py]-INFO: 本次操作共提交 10 条数据，成功导入 0 条，失败 10 条
[2018-09-10 17:05:17,985]-[upload_excel_data.py]-ERROR: 10000: (createTestCase) - 无法找到该登录名的用户。
createTestCase({'preconditions': '1.2.8版本', 'importance': 1, 'executiontype': 2, 'steps': [{'step_number': '1', 'actions': '1、打开app', 'expected_results': '1、符合原型图启动页展示', 'execution_type': '1'}], 'devKey': '6e91d45cb7def22c71540526d7cba739', 'testcasename': '启动页', 'testsuiteid': '2', 'testprojectid': '1', 'authorlogin': '吴熙', 'summary': '无'})
[2018-09-10 17:05:18,667]-[upload_excel_data.py]-ERROR: 10000: (createTestCase) - 无法找到该登录名的用户。
createTestCase({'preconditions': '打开app进入推荐页面', 'importance': 3, 'executiontype': 2, 'steps': [{'step_number': '1', 'actions': '1、http://info-admin.databiger.com/中资讯管理新增1条资讯\u20282、刷新推荐tab\u20283、点击“刷新按钮”', 'expected_results': '1、按钮显示第一条资讯下方，广告位固定第四位\u20282、点击刷新按钮之后，广告位还是第四位\u20283、资讯按照时间倒叙', 'execution_type': '1'}], 'devKey': '6e91d45cb7def22c71540526d7cba739', 'testcasename': '推荐tab资讯显示：新增1条资讯', 'testsuiteid': '2', 'testprojectid': '1', 'authorlogin': '吴熙', 'summary': '无'})
[2018-09-10 17:05:19,346]-[upload_excel_data.py]-ERROR: 10000: (createTestCase) - 无法找到该登录名的用户。
createTestCase({'preconditions': '打开app进入推荐页面', 'importance': 3, 'executiontype': 2, 'steps': [{'step_number': '1', 'actions': '1、http://info-admin.databiger.com/中资讯管理新增2条资讯\u20282、刷新推荐tab\u20283、点击“刷新按钮”', 'expected_results': '1、按钮显示第二条资讯下方，广告位固定第四位\u20282、点击刷新按钮之后，广告位还是第四位\u20283、资讯按照时间倒叙', 'execution_type': '1'}], 'devKey': '6e91d45cb7def22c71540526d7cba739', 'testcasename': '推荐tab资讯显示：新增2条资讯', 'testsuiteid': '2', 'testprojectid': '1', 'authorlogin': '吴熙', 'summary': '无'})
[2018-09-10 17:05:20,024]-[upload_excel_data.py]-ERROR: 10000: (createTestCase) - 无法找到该登录名的用户。
createTestCase({'preconditions': '打开app进入推荐页面', 'importance': 3, 'executiontype': 2, 'steps': [{'step_number': '1', 'actions': '1、http://info-admin.databiger.com/中资讯管理新增3条资讯\u20282、刷新推荐tab\u20283、点击“刷新按钮”', 'expected_results': '1、按钮显示第三条资讯下方，广告位固定第四位\u20282、点击刷新按钮之后，广告位还是第四位\u20283、资讯按照时间倒叙', 'execution_type': '1'}], 'devKey': '6e91d45cb7def22c71540526d7cba739', 'testcasename': '推荐tab资讯显示：新增3条资讯', 'testsuiteid': '2', 'testprojectid': '1', 'authorlogin': '吴熙', 'summary': '无'})
[2018-09-10 17:05:20,708]-[upload_excel_data.py]-ERROR: 10000: (createTestCase) - 无法找到该登录名的用户。
createTestCase({'preconditions': '打开app进入推荐页面', 'importance': 3, 'executiontype': 2, 'steps': [{'step_number': '1', 'actions': '1、上拉刷新底部资讯', 'expected_results': '1、资讯按照时间倒叙排列', 'execution_type': '1'}], 'devKey': '6e91d45cb7def22c71540526d7cba739', 'testcasename': '推荐tab页面，资讯排序', 'testsuiteid': '2', 'testprojectid': '1', 'authorlogin': '吴熙', 'summary': '无'})
[2018-09-10 17:05:21,374]-[upload_excel_data.py]-ERROR: 10000: (createTestCase) - 无法找到该登录名的用户。
createTestCase({'preconditions': '关闭app', 'importance': 3, 'executiontype': 2, 'steps': [{'step_number': '1', 'actions': '1、appadmin-admin.databiger.comTAB管理，\u2028关闭数据服务启动状态\u20282、打开app', 'expected_results': '1、数据服务tab不显示', 'execution_type': '1'}], 'devKey': '6e91d45cb7def22c71540526d7cba739', 'testcasename': '数据服务tab显示', 'testsuiteid': '2', 'testprojectid': '1', 'authorlogin': '吴熙', 'summary': '无'})
[2018-09-10 17:05:22,051]-[upload_excel_data.py]-ERROR: 10000: (createTestCase) - 无法找到该登录名的用户。
createTestCase({'preconditions': '关闭app', 'importance': 3, 'executiontype': 2, 'steps': [{'step_number': '1', 'actions': '1、打开app\u20282、接口阻断\u2028', 'expected_results': '1、接口超时后默认显示专家及推荐tab，数据服务ta不显示', 'execution_type': '1'}], 'devKey': '6e91d45cb7def22c71540526d7cba739', 'testcasename': '数据服务tab接口请求不到', 'testsuiteid': '2', 'testprojectid': '1', 'authorlogin': '吴熙', 'summary': '无'})
[2018-09-10 17:05:22,727]-[upload_excel_data.py]-ERROR: 10000: (createTestCase) - 无法找到该登录名的用户。
createTestCase({'preconditions': '关闭app', 'importance': 3, 'executiontype': 2, 'steps': [{'step_number': '1', 'actions': '1、appadmin-admin.databiger.comTAB管理，\u2028修改tab排序\u20282、打开app', 'expected_results': '1、tab排序正确大到小', 'execution_type': '1'}], 'devKey': '6e91d45cb7def22c71540526d7cba739', 'testcasename': '数据服务等tab', 'testsuiteid': '2', 'testprojectid': '1', 'authorlogin': '吴熙', 'summary': '无'})
[2018-09-10 17:05:23,399]-[upload_excel_data.py]-ERROR: 10000: (createTestCase) - 无法找到该登录名的用户。
createTestCase({'preconditions': '进入数据服务页面', 'importance': 3, 'executiontype': 2, 'steps': [{'step_number': '1', 'actions': '1、查看ui显示', 'expected_results': '1、默认必发指数，同赔回查，数据提点，赛事库第一行显示\u20282、今日看点，精选预测顺序显示', 'execution_type': '1'}], 'devKey': '6e91d45cb7def22c71540526d7cba739', 'testcasename': '数据服务ta页面显示', 'testsuiteid': '2', 'testprojectid': '1', 'authorlogin': '吴熙', 'summary': '无'})
[2018-09-10 17:05:24,065]-[upload_excel_data.py]-ERROR: 10000: (createTestCase) - 无法找到该登录名的用户。
createTestCase({'preconditions': '进入推荐页', 'importance': 3, 'executiontype': 2, 'steps': [{'step_number': '1', 'actions': '1、查看比赛滚球图标', 'expected_results': '1、有滚球的比赛，呈现有滚球图标，该图标根据是否开启滚', 'execution_type': '1'}], 'devKey': '6e91d45cb7def22c71540526d7cba739', 'testcasename': '推荐页面，滚球图标', 'testsuiteid': '2', 'testprojectid': '1', 'authorlogin': '吴熙', 'summary': '无'})
[2018-09-10 17:05:24,066]-[upload_excel_data.py]-INFO: 本次操作共提交 10 条数据，成功导入 0 条，失败 10 条
[2018-09-10 17:07:49,390]-[upload_excel_data.py]-INFO: 本次操作共提交 10 条数据，成功导入 10 条，失败 0 条
